<?xml version="1.0" encoding="utf-8" standalone="no"?>
<!--This file represents the results of running a test suite-->
<test-results name="C:\Users\GARRET\Documents\GitHub\Game-Structure\GameStructure\GameStructure\bin\Debug\GameStructure.exe" total="1" errors="0" failures="0" not-run="0" inconclusive="0" ignored="0" skipped="0" invalid="0" date="2014-08-22" time="18:44:37">
  <environment nunit-version="2.6.3.13283" clr-version="2.0.50727.5483" os-version="Microsoft Windows NT 6.1.7601 Service Pack 1" platform="Win32NT" cwd="C:\Program Files (x86)\NUnit 2.6.3\bin" machine-name="GARRET-PC" user="GARRET" user-domain="GARRET-PC" />
  <culture-info current-culture="en-US" current-uiculture="en-US" />
  <test-suite type="Assembly" name="C:\Users\GARRET\Documents\GitHub\Game-Structure\GameStructure\GameStructure\bin\Debug\GameStructure.exe" executed="True" result="Success" success="True" time="0.058" asserts="0">
    <results>
      <test-suite type="Namespace" name="GameStructure" executed="True" result="Success" success="True" time="0.044" asserts="0">
        <results>
          <test-suite type="TestFixture" name="Test_StateSystem" executed="True" result="Success" success="True" time="0.042" asserts="0">
            <results>
              <test-case name="GameStructure.Test_StateSystem.TestAddedStateExists" executed="True" result="Success" success="True" time="0.020" asserts="1" />
            </results>
          </test-suite>
        </results>
      </test-suite>
    </results>
  </test-suite>
</test-results>